[25-Apr-2024 06:42:39 UTC] PHP Fatal error:  Cannot redeclare register_theme_settings() (previously declared in C:\xampp\htdocs\rizeen_ct\wp-content\themes\ct-custom\functions.php:48) in C:\xampp\htdocs\rizeen_ct\wp-content\themes\ct-custom\functions.php on line 148
[25-Apr-2024 06:44:30 UTC] PHP Warning:  Trying to access array offset on value of type bool in C:\xampp\htdocs\rizeen_ct\wp-content\themes\ct-custom\functions.php on line 116
[25-Apr-2024 06:44:30 UTC] PHP Deprecated:  ltrim(): Passing null to parameter #1 ($string) of type string is deprecated in C:\xampp\htdocs\rizeen_ct\wp-includes\formatting.php on line 4494
[25-Apr-2024 06:44:46 UTC] PHP Warning:  Trying to access array offset on value of type bool in C:\xampp\htdocs\rizeen_ct\wp-content\themes\ct-custom\functions.php on line 116
[25-Apr-2024 06:44:46 UTC] PHP Deprecated:  ltrim(): Passing null to parameter #1 ($string) of type string is deprecated in C:\xampp\htdocs\rizeen_ct\wp-includes\formatting.php on line 4494
[25-Apr-2024 06:46:38 UTC] PHP Warning:  Trying to access array offset on value of type bool in C:\xampp\htdocs\rizeen_ct\wp-content\themes\ct-custom\functions.php on line 78
[25-Apr-2024 06:46:38 UTC] PHP Deprecated:  ltrim(): Passing null to parameter #1 ($string) of type string is deprecated in C:\xampp\htdocs\rizeen_ct\wp-includes\formatting.php on line 4494
[25-Apr-2024 06:46:41 UTC] PHP Warning:  Trying to access array offset on value of type bool in C:\xampp\htdocs\rizeen_ct\wp-content\themes\ct-custom\functions.php on line 78
[25-Apr-2024 06:46:41 UTC] PHP Deprecated:  ltrim(): Passing null to parameter #1 ($string) of type string is deprecated in C:\xampp\htdocs\rizeen_ct\wp-includes\formatting.php on line 4494
[25-Apr-2024 06:47:11 UTC] PHP Warning:  Trying to access array offset on value of type bool in C:\xampp\htdocs\rizeen_ct\wp-content\themes\ct-custom\functions.php on line 78
[25-Apr-2024 06:47:11 UTC] PHP Deprecated:  ltrim(): Passing null to parameter #1 ($string) of type string is deprecated in C:\xampp\htdocs\rizeen_ct\wp-includes\formatting.php on line 4494
[25-Apr-2024 08:02:01 UTC] PHP Parse error:  syntax error, unexpected token ";" in C:\xampp\htdocs\rizeen_ct\wp-content\themes\ct-custom\homepage.php on line 39
[25-Apr-2024 08:02:33 UTC] PHP Parse error:  syntax error, unexpected token ";" in C:\xampp\htdocs\rizeen_ct\wp-content\themes\ct-custom\homepage.php on line 39
[25-Apr-2024 08:03:04 UTC] PHP Parse error:  syntax error, unexpected token ";" in C:\xampp\htdocs\rizeen_ct\wp-content\themes\ct-custom\homepage.php on line 39
[25-Apr-2024 08:03:33 UTC] PHP Parse error:  syntax error, unexpected token "<", expecting end of file in C:\xampp\htdocs\rizeen_ct\wp-content\themes\ct-custom\homepage.php on line 40
[25-Apr-2024 08:05:31 UTC] PHP Warning:  Undefined variable $logo_image_id in C:\xampp\htdocs\rizeen_ct\wp-content\themes\ct-custom\homepage.php on line 40
[25-Apr-2024 08:05:31 UTC] PHP Fatal error:  Uncaught Error: Undefined constant "logo_image_url" in C:\xampp\htdocs\rizeen_ct\wp-content\themes\ct-custom\homepage.php:42
Stack trace:
#0 C:\xampp\htdocs\rizeen_ct\wp-includes\template-loader.php(106): include()
#1 C:\xampp\htdocs\rizeen_ct\wp-blog-header.php(19): require_once('C:\\xampp\\htdocs...')
#2 C:\xampp\htdocs\rizeen_ct\index.php(17): require('C:\\xampp\\htdocs...')
#3 {main}
  thrown in C:\xampp\htdocs\rizeen_ct\wp-content\themes\ct-custom\homepage.php on line 42
[25-Apr-2024 08:05:46 UTC] PHP Fatal error:  Uncaught Error: Undefined constant "logo_image_url" in C:\xampp\htdocs\rizeen_ct\wp-content\themes\ct-custom\homepage.php:43
Stack trace:
#0 C:\xampp\htdocs\rizeen_ct\wp-includes\template-loader.php(106): include()
#1 C:\xampp\htdocs\rizeen_ct\wp-blog-header.php(19): require_once('C:\\xampp\\htdocs...')
#2 C:\xampp\htdocs\rizeen_ct\index.php(17): require('C:\\xampp\\htdocs...')
#3 {main}
  thrown in C:\xampp\htdocs\rizeen_ct\wp-content\themes\ct-custom\homepage.php on line 43
[25-Apr-2024 08:07:39 UTC] PHP Fatal error:  Uncaught TypeError: ltrim(): Argument #1 ($string) must be of type string, array given in C:\xampp\htdocs\rizeen_ct\wp-includes\formatting.php:4494
Stack trace:
#0 C:\xampp\htdocs\rizeen_ct\wp-includes\formatting.php(4494): ltrim(Array)
#1 C:\xampp\htdocs\rizeen_ct\wp-content\themes\ct-custom\homepage.php(44): esc_url(Array)
#2 C:\xampp\htdocs\rizeen_ct\wp-includes\template-loader.php(106): include('C:\\xampp\\htdocs...')
#3 C:\xampp\htdocs\rizeen_ct\wp-blog-header.php(19): require_once('C:\\xampp\\htdocs...')
#4 C:\xampp\htdocs\rizeen_ct\index.php(17): require('C:\\xampp\\htdocs...')
#5 {main}
  thrown in C:\xampp\htdocs\rizeen_ct\wp-includes\formatting.php on line 4494
[25-Apr-2024 08:07:48 UTC] PHP Fatal error:  Uncaught TypeError: ltrim(): Argument #1 ($string) must be of type string, array given in C:\xampp\htdocs\rizeen_ct\wp-includes\formatting.php:4494
Stack trace:
#0 C:\xampp\htdocs\rizeen_ct\wp-includes\formatting.php(4494): ltrim(Array)
#1 C:\xampp\htdocs\rizeen_ct\wp-content\themes\ct-custom\homepage.php(43): esc_url(Array)
#2 C:\xampp\htdocs\rizeen_ct\wp-includes\template-loader.php(106): include('C:\\xampp\\htdocs...')
#3 C:\xampp\htdocs\rizeen_ct\wp-blog-header.php(19): require_once('C:\\xampp\\htdocs...')
#4 C:\xampp\htdocs\rizeen_ct\index.php(17): require('C:\\xampp\\htdocs...')
#5 {main}
  thrown in C:\xampp\htdocs\rizeen_ct\wp-includes\formatting.php on line 4494
[25-Apr-2024 08:08:07 UTC] PHP Warning:  Array to string conversion in C:\xampp\htdocs\rizeen_ct\wp-content\themes\ct-custom\homepage.php on line 43
[25-Apr-2024 08:09:38 UTC] PHP Warning:  Array to string conversion in C:\xampp\htdocs\rizeen_ct\wp-content\themes\ct-custom\homepage.php on line 43
[25-Apr-2024 08:13:19 UTC] PHP Warning:  Trying to access array offset on value of type bool in C:\xampp\htdocs\rizeen_ct\wp-content\themes\ct-custom\functions.php on line 78
[25-Apr-2024 08:13:19 UTC] PHP Deprecated:  ltrim(): Passing null to parameter #1 ($string) of type string is deprecated in C:\xampp\htdocs\rizeen_ct\wp-includes\formatting.php on line 4494
[25-Apr-2024 08:50:14 UTC] PHP Parse error:  syntax error, unexpected token "<", expecting end of file in C:\xampp\htdocs\rizeen_ct\wp-content\themes\ct-custom\homepage.php on line 50
[25-Apr-2024 08:50:20 UTC] PHP Warning:  foreach() argument must be of type array|object, string given in C:\xampp\htdocs\rizeen_ct\wp-content\themes\ct-custom\homepage.php on line 60
[25-Apr-2024 08:50:20 UTC] PHP Warning:  Attempt to read property "before" on array in C:\xampp\htdocs\rizeen_ct\wp-content\themes\ct-custom\homepage.php on line 64
[25-Apr-2024 08:50:20 UTC] PHP Warning:  Attempt to read property "after" on array in C:\xampp\htdocs\rizeen_ct\wp-content\themes\ct-custom\homepage.php on line 68
[25-Apr-2024 08:52:15 UTC] PHP Warning:  foreach() argument must be of type array|object, string given in C:\xampp\htdocs\rizeen_ct\wp-content\themes\ct-custom\homepage.php on line 60
[25-Apr-2024 08:52:15 UTC] PHP Warning:  Attempt to read property "before" on array in C:\xampp\htdocs\rizeen_ct\wp-content\themes\ct-custom\homepage.php on line 64
[25-Apr-2024 08:52:15 UTC] PHP Warning:  Attempt to read property "after" on array in C:\xampp\htdocs\rizeen_ct\wp-content\themes\ct-custom\homepage.php on line 68
